Running 'gradlew :app:assembleRelease' in /home/expo/workingdir/build/android
Downloading https://services.gradle.org/distributions/gradle-8.14.3-bin.zip
10%.
20%.
30%.
40%.
50%.
60%.
70
%.
80%.
90%.
100%
Welcome to Gradle 8.14.3!
Here are the highlights of this release:
 - Java 24 support
- GraalVM Native Image toolchain selection
 - Enhancements to test reporting
- Build Authoring improvements
For more details see https://docs.gradle.org/8.14.3/release-notes.html
To honour the JVM settings for this build a single-use Daemon process will be forked. For more on this, please refer to https://docs.gradle.org/8.14.3/userguide/gradle_daemon.html#sec:disabling_the_daemon in the Gradle documentation.
Daemon will be stopped at the end of the build
> Configure project :expo-gradle-plugin:expo-autolinking-plugin
w: file:///home/expo/workingdir/build/node_modules/expo-modules-autolinking/android/expo-gradle-plugin/expo-autolinking-plugin/build.gradle.kts:25:3: 'kotlinOptions(KotlinJvmOptionsDeprecated /* = KotlinJvmOptions */.() -> Unit): Unit' is deprecated. Please migrate to the compilerOptions DSL. More details are here: https://kotl.in/u1r8ln
> Configure project :expo-gradle-plugin:expo-autolinking-settings-plugin
w: file:///home/expo/workingdir/build/node_modules/expo-modules-autolinking/android/expo-gradle-plugin/expo-autolinking-settings-plugin/build.gradle.kts:30:3: 'kotlinOptions(KotlinJvmOptionsDeprecated /* = KotlinJvmOptions */.() -> Unit): Unit' is deprecated. Please migrate to the compilerOptions DSL. More details are here: https://kotl.in/u1r8ln
> Task :gradle-plugin:settings-plugin:checkKotlinGradlePluginConfigurationErrors SKIPPED
> Task :expo-gradle-plugin:expo-autolinking-plugin-shared:checkKotlinGradlePluginConfigurationErrors SKIPPED
> Task :expo-gradle-plugin:expo-autolinking-settings-plugin:checkKotlinGradlePluginConfigurationErrors SKIPPED
> Task :gradle-plugin:shared:checkKotlinGradlePluginConfigurationErrors SKIPPED
> Task :gradle-plugin:settings-plugin:pluginDescriptors
> Task :expo-gradle-plugin:expo-autolinking-settings-plugin:pluginDescriptors
> Task :gradle-plugin:settings-plugin:processResources
> Task :expo-gradle-plugin:expo-autolinking-settings-plugin:processResources
> Task :expo-gradle-plugin:expo-autolinking-plugin-shared:processResources NO-SOURCE
> Task :gradle-plugin:shared:processResources NO-SOURCE
> Task :gradle-plugin:shared:compileKotlin
> Task :gradle-plugin:shared:compileJava NO-SOURCE
> Task :gradle-plugin:shared:classes UP-TO-DATE
> Task :gradle-plugin:shared:jar
> Task :expo-gradle-plugin:expo-autolinking-plugin-shared:compileKotlin
> Task :expo-gradle-plugin:expo-autolinking-plugin-shared:compileJava NO-SOURCE
> Task :expo-gradle-plugin:expo-autolinking-plugin-shared:classes UP-TO-DATE
> Task :expo-gradle-plugin:expo-autolinking-plugin-shared:jar
> Task :gradle-plugin:settings-plugin:compileKotlin
> Task :gradle-plugin:settings-plugin:compileJava
NO-SOURCE
> Task :gradle-plugin:settings-plugin:classes
> Task :gradle-plugin:settings-plugin:jar
> Task :expo-gradle-plugin:expo-autolinking-settings-plugin:compileKotlin
> Task :expo-gradle-plugin:expo-autolinking-settings-plugin:compileJava NO-SOURCE
> Task :expo-gradle-plugin:expo-autolinking-settings-plugin:classes
> Task :expo-gradle-plugin:expo-autolinking-settings-plugin:jar
> Configure project :expo-module-gradle-plugin
w: file:///home/expo/workingdir/build/node_modules/expo-modules-core/expo-module-gradle-plugin/build.gradle.kts:58:3: 'kotlinOptions(KotlinJvmOptionsDeprecated /* = KotlinJvmOptions */.() -> Unit): Unit' is deprecated. Please migrate to the compilerOptions DSL. More details are here: https://kotl.in/u1r8ln
> Configure project :expo-updates-gradle-plugin
w: file:///home/expo/workingdir/build/node_modules/expo-updates/expo-updates-gradle-plugin/build.gradle.kts:25:3: 'kotlinOptions(KotlinJvmOptionsDeprecated /* = KotlinJvmOptions */.() -> Unit): Unit' is deprecated. Please migrate to the compilerOptions DSL. More details are here: https://kotl.in/u1r8ln
> Task :expo-gradle-plugin:expo-autolinking-plugin:checkKotlinGradlePluginConfigurationErrors SKIPPED
> Task :gradle-plugin:react-native-gradle-plugin:checkKotlinGradlePluginConfigurationErrors SKIPPED
> Task :expo-module-gradle-plugin:checkKotlinGradlePluginConfigurationErrors SKIPPED
> Task :expo-updates-gradle-plugin:checkKotlinGradlePluginConfigurationErrors SKIPPED
> Task :expo-updates-gradle-plugin:pluginDescriptors
> Task :expo-module-gradle-plugin:pluginDescriptors
> Task :expo-updates-gradle-plugin:processResources
> Task :expo-module-gradle-plugin:processResources
> Task :expo-gradle-plugin:expo-autolinking-plugin:pluginDescriptors
> Task :expo-gradle-plugin:expo-autolinking-plugin:processResources
> Task :gradle-plugin:react-native-gradle-plugin:pluginDescriptors
> Task :gradle-plugin:react-native-gradle-plugin:processResources
> Task :expo-gradle-plugin:expo-autolinking-plugin:compileKotlin
> Task :expo-gradle-plugin:expo-autolinking-plugin:compileJava NO-SOURCE
> Task :expo-gradle-plugin:expo-autolinking-plugin:classes
> Task :expo-gradle-plugin:expo-autolinking-plugin:jar
> Task :gradle-plugin:react-native-gradle-plugin:compileKotlin
> Task :gradle-plugin:react-native-gradle-plugin:compileJava NO-SOURCE
> Task :gradle-plugin:react-native-gradle-plugin:classes
> Task :gradle-plugin:react-native-gradle-plugin:jar
> Task :expo-module-gradle-plugin:compileKotlin
w: file:///home/expo/workingdir/build/node_modules/expo-modules-core/expo-module-gradle-plugin/src/main/kotlin/expo/modules/plugin/android/AndroidLibraryExtension.kt:9:24 'var targetSdk: Int?' is deprecated. Will be removed from library DSL in v9.0. Use testOptions.targetSdk or/and lint.targetSdk instead.
> Task :expo-module-gradle-plugin:compileJava
NO-SOURCE
> Task :expo-module-gradle-plugin:classes
> Task :expo-module-gradle-plugin:jar
> Task :expo-updates-gradle-plugin:compileKotlin
> Task :expo-updates-gradle-plugin:compileJava NO-SOURCE
> Task :expo-updates-gradle-plugin:classes
> Task :expo-updates-gradle-plugin:jar
> Configure project :
[32m[ExpoRootProject][0m Using the following versions:
  - buildTools:  [32m34.0.0[0m
- minSdk:      [32m24[0m
  - compileSdk:  [32m34[0m
  - targetSdk:   [32m34[0m
  - ndk:         [32m26.1.10909125[0m
  - kotlin:      [32m2.1.20[0m
  - ksp:         [32m2.1.20-2.0.1[0m
> Configure project :app
â„¹ï¸  [33mApplying gradle plugin[0m '[32mexpo-updates-gradle-plugin[0m'
> Configure project :expo
Using expo modules
  - [32mexpo-constants[0m (18.0.8)
  - [32mexpo-eas-client[0m (1.0.6)
  - [32mexpo-json-utils[0m (0.15.0)
  - [32mexpo-manifests[0m (1.0.7)
> Configure project :expo-modules-core
Checking the license for package NDK (Side by side) 26.1.10909125 in /home/expo/Android/Sdk/licenses
License for package NDK (Side by side) 26.1.10909125 accepted.
Preparing "Install NDK (Side by side) 26.1.10909125 v.26.1.10909125".
"Install NDK (Side by side) 26.1.10909125 v.26.1.10909125" ready.
Installing NDK (Side by side) 26.1.10909125 in /home/expo/Android/Sdk/ndk/26.1.10909125
"Install NDK (Side by side) 26.1.10909125 v.26.1.10909125" complete.
"Install NDK (Side by side) 26.1.10909125 v.26.1.10909125" finished.
> Configure project :expo
  - [32mexpo-modules-core[0m (3.0.15)
- [32mexpo-structured-headers[0m (5.0.0)
- [32mexpo-updates[0m (29.0.9)
- [32mexpo-updates-interface[0m (2.0.0)
  - [33m[ðŸ“¦][0m [32mexpo-application[0m (7.0.6)
  - [33m[ðŸ“¦][0m [32mexpo-asset[0m (12.0.8)
  - [33m[ðŸ“¦][0m [32mexpo-audio[0m (1.0.10)
  - [33m[ðŸ“¦][0m [32mexpo-av[0m (16.0.6)
- [33m[ðŸ“¦][0m [32mexpo-blur[0m (15.0.6)
  - [33m[ðŸ“¦][0m [32mexpo-calendar[0m (15.0.6)
  - [33m[ðŸ“¦][0m [32mexpo-camera[0m (17.0.7)
  - [33m[ðŸ“¦][0m [32mexpo-clipboard[0m (8.0.6)
  - [33m[ðŸ“¦][0m [32mexpo-contacts[0m (15.0.8)
  - [33m[ðŸ“¦][0m [32mexpo-device[0m (8.0.6)
  - [33m[ðŸ“¦][0m [32mexpo-document-picker[0m (14.0.6)
  - [33m[ðŸ“¦][0m [32mexpo-file-system[0m (19.0.11)
  - [33m[ðŸ“¦][0m [32mexpo-font[0m (14.0.7)
  - [33m[ðŸ“¦][0m [32mexpo-gl[0m (16.0.6)
- [33m[ðŸ“¦][0m [32mexpo-haptics[0m (15.0.6)
  - [33m[ðŸ“¦][0m [32mexpo-image[0m (3.0.7)
  - [33m[ðŸ“¦][0m [32mexpo-image-loader[0m (6.0.0)
  - [33m[ðŸ“¦][0m [32mexpo-image-manipulator[0m (14.0.7)
  - [33m[ðŸ“¦][0m [32mexpo-image-picker[0m (17.0.7)
  - [33m[ðŸ“¦][0m [32mexpo-keep-awake[0m (15.0.6)
  - [33m[ðŸ“¦][0m [32mexpo-linear-gradient[0m (15.0.6)
  - [33m[ðŸ“¦][0m [32mexpo-linking[0m (8.0.7)
  - [33m[ðŸ“¦][0m [32mexpo-location[0m (19.0.6)
  - [33m[ðŸ“¦][0m [32mexpo-notifications[0m (0.32.10)
  - [33m[ðŸ“¦][0m [32mexpo-secure-store[0m (15.0.6)
  - [33m[ðŸ“¦][0m [32mexpo-sensors[0m (15.0.6)
  - [33m[ðŸ“¦][0m [32mexpo-splash-screen[0m (31.0.8)
  - [33m[ðŸ“¦][0m [32mexpo-system-ui[0m (6.0.7)
  - [33m[ðŸ“¦][0m [32mexpo-video[0m (3.0.11)
  - [33m[ðŸ“¦][0m [32mexpo-web-browser[0m (15.0.6)
> Configure project :react-native-google-mobile-ads
:react-native-google-mobile-ads package.json found at /home/expo/workingdir/build/node_modules/react-native-google-mobile-ads/package.json
**************************************************************************************************************
WARNING: react-native-google-mobile-ads requires an 'android_app_id' property inside a 'react-native-google-mobile-ads' key in your app.json.
         No android_app_id property was found in this location. The native Google Mobile Ads SDK will crash on startup without it.
         You can safely ignore this warning if you are using our Expo config plugin.
**************************************************************************************************************
:react-native-google-mobile-ads package.json found at /home/expo/workingdir/build/node_modules/react-native-google-mobile-ads/package.json
:react-native-google-mobile-ads:version set from package.json: 16.0.3 (16,0,3 - 16000003)
:react-native-google-mobile-ads:android.compileSdk using custom value: 34
:react-native-google-mobile-ads:android.targetSdk using custom value: 34
:react-native-google-mobile-ads:android.minSdk using custom value: 24
:react-native-google-mobile-ads:reactNativeAndroidDir /home/expo/workingdir/build/node_modules/react-native
> Configure project :shopify_react-native-skia
react-native-skia: node_modules/ found at: /home/expo/workingdir/build/node_modules
react-native-skia: RN Version: 81 / 0.81.4
react-native-skia: isSourceBuild: false
react-native-skia: PrebuiltDir: /home/expo/workingdir/build/node_modules/@shopify/react-native-skia/android/build/react-native-0*/jni
react-native-skia: buildType: release
react-native-skia: buildDir: /home/expo/workingdir/build/node_modules/@shopify/react-native-skia/android/build
react-native-skia: node_modules: /home/expo/workingdir/build/node_modules
react-native-skia: Enable Prefab: true
react-native-skia: aar state post 70, do nothing
WARNING: The specified Android SDK Build Tools version (34.0.0) is ignored, as it is below the minimum supported version (35.0.0) for Android Gradle Plugin 8.11.0.
Android SDK Build Tools 35.0.0 will be used.
To suppress this warning, remove "buildToolsVersion '34.0.0'" from your build.gradle file, as each version of the Android Gradle Plugin now has a default version of the build tools.
> Task :expo-structured-headers:preBuild UP-TO-DATE
> Task :expo-json-utils:preBuild UP-TO-DATE
> Task :expo-manifests:preBuild UP-TO-DATE
> Task :expo-eas-client:preBuild UP-TO-DATE
> Task :expo-modules-core:preBuild UP-TO-DATE
> Task :expo-updates:preBuild UP-TO-DATE
> Task :react-native-gesture-handler:preBuild UP-TO-DATE
> Task :react-native-async-storage_async-storage:preBuild UP-TO-DATE
> Task :expo-updates-interface:preBuild UP-TO-DATE
> Task :react-native-masked-view_masked-view:preBuild UP-TO-DATE
> Task :react-native-google-mobile-ads:preBuild UP-TO-DATE
> Task :react-native-maps:preBuild UP-TO-DATE
> Task :react-native-picker_picker:preBuild UP-TO-DATE
> Task :react-native-purchases:preBuild UP-TO-DATE
> Task :react-native-purchases-ui:preBuild UP-TO-DATE
> Task :react-native-screens:preBuild UP-TO-DATE
> Task :react-native-svg:preBuild UP-TO-DATE
> Task :react-native-safe-area-context:preBuild UP-TO-DATE
> Task :react-native-webview:preBuild UP-TO-DATE
> Task :expo-eas-client:preReleaseBuild UP-TO-DATE
> Task :app:generateAutolinkingPackageList
> Task :app:generateCodegenSchemaFromJavaScript SKIPPED
> Task :app:generateCodegenArtifactsFromSchema SKIPPED
> Task :app:generateReactNativeEntryPoint
> Task :react-native-worklets:assertMinimalReactNativeVersionTask
> Task :expo-json-utils:preReleaseBuild UP-TO-DATE
> Task :react-native-reanimated:assertMinimalReactNativeVersionTask
> Task :react-native-reanimated:assertNewArchitectureEnabledTask FAILED
> Task :react-native-worklets:assertNewArchitectureEnabledTask FAILED
> Task :expo-json-utils:mergeReleaseJniLibFolders
> Task :expo-eas-client:mergeReleaseJniLibFolders
> Task :react-native-community_slider:generateCodegenSchemaFromJavaScript
> Task :expo-constants:createExpoConfig
env: load .env
env: export EXPO_PUBLIC_APP_URL EXPO_PUBLIC_BASE_CREATE_USER_CONTENT_URL EXPO_PUBLIC_BASE_URL EXPO_PUBLIC_CREATE_ENV EXPO_PUBLIC_HOST EXPO_PUBLIC_PROJECT_GROUP_ID
> Task :expo:generatePackagesList
> Task :shopify_react-native-skia:prepareHeaders
The NODE_ENV environment variable is required but was not specified. Ensure the project is bundled with Expo CLI or NODE_ENV is set. Using only .env.local and .env
[Incubating] Problems report is available at: file:///home/expo/workingdir/build/android/build/reports/problems/problems-report.html
FAILURE: Build completed with 2 failures.
1: Task failed with an exception.
-----------
* Where:
Build file '/home/expo/workingdir/build/node_modules/react-native-worklets/android/build.gradle' line: 314
* What went wrong:
Execution failed for task ':react-native-worklets:assertNewArchitectureEnabledTask'.
> [Worklets] Worklets require new architecture to be enabled. Please enable it by setting `newArchEnabled` to `true` in `gradle.properties`.
* Try:
> Run with --stacktrace option to get the stack trace.
> Run with --info or --debug option to get more log output.
> Run with --scan to get full insights.
> Get more help at https://help.gradle.org.
==============================================================================
2: Task failed with an exception.
-----------
* Where:
Build file '/home/expo/workingdir/build/node_modules/react-native-reanimated/android/build.gradle' line: 297
* What went wrong:
Execution failed for task ':react-native-reanimated:assertNewArchitectureEnabledTask'.
> [Reanimated] Reanimated requires new architecture to be enabled. Please enable it by setting `newArchEnabled` to `true` in `gradle.properties`.
* Try:
> Run with --stacktrace option to get the stack trace.
Deprecated Gradle features were used in this build, making it incompatible with Gradle 9.0.
You can use '--warning-mode all' to show the individual deprecation warnings and determine if they come from your own scripts or plugins.
For more on this, please refer to https://docs.gradle.org/8.14.3/userguide/command_line_interface.html#sec:command_line_warnings in the Gradle documentation.
40 actionable tasks: 40 executed
> Run with --info or --debug option to get more log output.
> Run with --scan to get full insights.
> Get more help at https://help.gradle.org.
==============================================================================
BUILD FAILED in 2m 18s
Error: Gradle build failed with unknown error. See logs for the "Run gradlew" phase for more information.
